0 verbose cli /usr/bin/node /usr/bin/npm
1 info using npm@9.2.0
2 info using node@v18.19.0
3 timing npm:load:whichnode Completed in 0ms
4 timing config:load:defaults Completed in 2ms
5 timing config:load:file:/usr/share/nodejs/npm/npmrc Completed in 4ms
6 timing config:load:builtin Completed in 4ms
7 timing config:load:cli Completed in 2ms
8 timing config:load:env Completed in 1ms
9 timing config:load:project Completed in 7ms
10 timing config:load:file:/var/www/.npmrc Completed in 2ms
11 timing config:load:user Completed in 3ms
12 timing config:load:file:/etc/npmrc Completed in 0ms
13 timing config:load:global Completed in 1ms
14 timing config:load:setEnvs Completed in 1ms
15 timing config:load Completed in 21ms
16 timing npm:load:configload Completed in 23ms
17 timing npm:load:mkdirpcache Completed in 5ms
18 timing npm:load:mkdirplogs Completed in 5ms
19 verbose title npm install
20 verbose argv "install"
21 timing npm:load:setTitle Completed in 1ms
22 timing config:load:flatten Completed in 4ms
23 timing npm:load:display Completed in 6ms
24 verbose logfile logs-max:10 dir:/var/www/.npm/_logs/2024-12-07T00_49_54_436Z-
25 verbose logfile /var/www/.npm/_logs/2024-12-07T00_49_54_436Z-debug-0.log
26 timing npm:load:logFile Completed in 29ms
27 timing npm:load:timers Completed in 1ms
28 timing npm:load:configScope Completed in 1ms
29 timing npm:load Completed in 73ms
30 silly logfile done cleaning log files
31 timing config:load:flatten Completed in 1ms
32 timing arborist:ctor Completed in 1ms
33 timing arborist:ctor Completed in 0ms
34 timing idealTree:init Completed in 38ms
35 timing idealTree:userRequests Completed in 0ms
36 silly idealTree buildDeps
37 silly fetch manifest @inertiajs/vue3@^1.0.0
38 http fetch GET 200 https://registry.npmjs.org/@inertiajs%2fvue3 2718ms (cache miss)
39 silly fetch manifest vue@^3.4.0
40 http fetch GET 200 https://registry.npmjs.org/vue 315ms (cache miss)
41 silly fetch manifest typescript@*
42 http fetch GET 200 https://registry.npmjs.org/typescript 1299ms (cache miss)
43 silly fetch manifest @tailwindcss/forms@^0.5.3
44 http fetch GET 200 https://registry.npmjs.org/@tailwindcss%2fforms 399ms (cache miss)
45 silly fetch manifest tailwindcss@^3.2.1
46 http fetch GET 200 https://registry.npmjs.org/tailwindcss 724ms (cache miss)
47 silly fetch manifest @vitejs/plugin-vue@^5.0.0
48 http fetch GET 200 https://registry.npmjs.org/@vitejs%2fplugin-vue 500ms (cache miss)
49 silly fetch manifest vite@^5.0
50 http fetch GET 200 https://registry.npmjs.org/vite 388ms (cache miss)
51 silly fetch manifest @types/node@^18.0.0 || >=20.0.0
52 http fetch GET 200 https://registry.npmjs.org/@types%2fnode 602ms (cache miss)
53 silly fetch manifest less@*
54 http fetch GET 200 https://registry.npmjs.org/less 192ms (cache miss)
55 silly fetch manifest lightningcss@^1.21.0
56 http fetch GET 200 https://registry.npmjs.org/lightningcss 145ms (cache miss)
57 silly fetch manifest sass@*
58 http fetch GET 200 https://registry.npmjs.org/sass 210ms (cache miss)
59 silly fetch manifest sass-embedded@*
60 http fetch GET 200 https://registry.npmjs.org/sass-embedded 162ms (cache miss)
61 silly fetch manifest stylus@*
62 http fetch GET 200 https://registry.npmjs.org/stylus 182ms (cache miss)
63 silly fetch manifest sugarss@*
64 http fetch GET 200 https://registry.npmjs.org/sugarss 164ms (cache miss)
65 silly fetch manifest postcss@^8.4.31
66 http fetch GET 200 https://registry.npmjs.org/postcss 199ms (cache miss)
67 silly fetch manifest terser@^5.4.0
68 http fetch GET 200 https://registry.npmjs.org/terser 170ms (cache miss)
69 silly fetch manifest autoprefixer@^10.4.12
70 http fetch GET 200 https://registry.npmjs.org/autoprefixer 1032ms (cache miss)
71 silly fetch manifest axios@^1.7.4
72 http fetch GET 200 https://registry.npmjs.org/axios 204ms (cache miss)
73 silly fetch manifest concurrently@^9.0.1
74 http fetch GET 200 https://registry.npmjs.org/concurrently 185ms (cache miss)
75 silly fetch manifest laravel-vite-plugin@^1.0
76 http fetch GET 200 https://registry.npmjs.org/laravel-vite-plugin 193ms (cache miss)
77 silly placeDep ROOT @inertiajs/vue3@1.2.0 OK for:  want: ^1.0.0
78 silly placeDep ROOT vue@3.5.13 OK for: @inertiajs/vue3@1.2.0 want: ^3.0.0
79 silly placeDep ROOT @tailwindcss/forms@0.5.9 OK for:  want: ^0.5.3
80 silly placeDep ROOT tailwindcss@3.4.16 OK for: @tailwindcss/forms@0.5.9 want: >=3.0.0 || >= 3.0.0-alpha.1 || >= 4.0.0-alpha.20
81 silly placeDep ROOT @vitejs/plugin-vue@5.2.1 OK for:  want: ^5.0.0
82 silly placeDep ROOT vite@5.4.11 OK for: @vitejs/plugin-vue@5.2.1 want: ^5.0.0 || ^6.0.0
83 silly placeDep ROOT autoprefixer@10.4.20 OK for:  want: ^10.4.12
84 silly placeDep ROOT postcss@8.4.49 OK for: autoprefixer@10.4.20 want: ^8.1.0
85 silly placeDep ROOT axios@1.7.9 OK for:  want: ^1.7.4
86 silly placeDep ROOT concurrently@9.1.0 OK for:  want: ^9.0.1
87 silly placeDep ROOT laravel-vite-plugin@1.1.1 OK for:  want: ^1.0
88 silly fetch manifest lodash.isequal@^4.5.0
89 silly fetch manifest @inertiajs/core@1.2.0
90 silly fetch manifest lodash.clonedeep@^4.5.0
91 silly fetch manifest @vue/shared@3.5.13
92 silly fetch manifest @vue/runtime-dom@3.5.13
93 silly fetch manifest @vue/compiler-dom@3.5.13
94 silly fetch manifest @vue/compiler-sfc@3.5.13
95 silly fetch manifest @vue/server-renderer@3.5.13
96 silly fetch manifest mini-svg-data-uri@^1.2.3
97 silly fetch manifest arg@^5.0.2
98 silly fetch manifest dlv@^1.1.3
99 silly fetch manifest jiti@^1.21.6
100 silly fetch manifest is-glob@^4.0.3
101 silly fetch manifest resolve@^1.22.8
102 silly fetch manifest sucrase@^3.35.0
103 silly fetch manifest chokidar@^3.6.0
104 silly fetch manifest fast-glob@^3.3.2
105 silly fetch manifest lilconfig@^3.1.3
106 silly fetch manifest didyoumean@^1.2.2
107 silly fetch manifest micromatch@^4.0.8
108 silly fetch manifest picocolors@^1.1.1
109 silly fetch manifest postcss-js@^4.0.1
110 silly fetch manifest glob-parent@^6.0.2
111 silly fetch manifest object-hash@^3.0.0
112 silly fetch manifest normalize-path@^3.0.0
113 silly fetch manifest postcss-import@^15.1.0
114 silly fetch manifest postcss-nested@^6.2.0
115 silly fetch manifest @alloc/quick-lru@^5.2.0
116 silly fetch manifest postcss-load-config@^4.0.2
117 silly fetch manifest postcss-selector-parser@^6.1.2
118 silly fetch manifest rollup@^4.20.0
119 silly fetch manifest esbuild@^0.21.3
120 silly fetch manifest fsevents@~2.3.3
121 silly fetch manifest browserslist@^4.23.3
122 silly fetch manifest caniuse-lite@^1.0.30001646
123 silly fetch manifest fraction.js@^4.3.7
124 silly fetch manifest normalize-range@^0.1.2
125 silly fetch manifest picocolors@^1.0.1
126 silly fetch manifest postcss-value-parser@^4.2.0
127 silly fetch manifest nanoid@^3.3.7
128 silly fetch manifest source-map-js@^1.2.1
129 silly fetch manifest follow-redirects@^1.15.6
130 silly fetch manifest form-data@^4.0.0
131 silly fetch manifest proxy-from-env@^1.1.0
132 silly fetch manifest chalk@^4.1.2
133 silly fetch manifest lodash@^4.17.21
134 silly fetch manifest rxjs@^7.8.1
135 silly fetch manifest shell-quote@^1.8.1
136 silly fetch manifest supports-color@^8.1.1
137 silly fetch manifest tree-kill@^1.2.2
138 silly fetch manifest yargs@^17.7.2
139 silly fetch manifest picocolors@^1.0.0
140 silly fetch manifest vite-plugin-full-reload@^1.1.0
141 http fetch GET 200 https://registry.npmjs.org/lodash.isequal 316ms (cache miss)
142 http fetch GET 200 https://registry.npmjs.org/dlv 1359ms (cache miss)
143 http fetch GET 200 https://registry.npmjs.org/chokidar 1541ms (cache miss)
144 http fetch GET 200 https://registry.npmjs.org/lodash.clonedeep 1627ms (cache miss)
145 http fetch GET 200 https://registry.npmjs.org/mini-svg-data-uri 1870ms (cache miss)
146 http fetch GET 200 https://registry.npmjs.org/lilconfig 1880ms (cache miss)
147 http fetch GET 200 https://registry.npmjs.org/is-glob 1942ms (cache miss)
148 http fetch GET 200 https://registry.npmjs.org/arg 1998ms (cache miss)
149 http fetch GET 200 https://registry.npmjs.org/picocolors 1933ms (cache miss)
150 http fetch GET 200 https://registry.npmjs.org/normalize-range 1969ms (cache miss)
151 http fetch GET 200 https://registry.npmjs.org/didyoumean 2029ms (cache miss)
152 http fetch GET 200 https://registry.npmjs.org/picocolors 2065ms (cache miss)
153 http fetch GET 200 https://registry.npmjs.org/@alloc%2fquick-lru 2096ms (cache miss)
154 http fetch GET 200 https://registry.npmjs.org/normalize-path 2107ms (cache miss)
155 http fetch GET 200 https://registry.npmjs.org/picocolors 2120ms (cache miss)
156 http fetch GET 200 https://registry.npmjs.org/postcss-load-config 2123ms (cache miss)
157 http fetch GET 200 https://registry.npmjs.org/source-map-js 2173ms (cache miss)
158 http fetch GET 200 https://registry.npmjs.org/proxy-from-env 2172ms (cache miss)
159 http fetch GET 200 https://registry.npmjs.org/postcss-value-parser 2251ms (cache miss)
160 http fetch GET 200 https://registry.npmjs.org/tree-kill 2243ms (cache miss)
161 http fetch GET 200 https://registry.npmjs.org/glob-parent 2334ms (cache miss)
162 http fetch GET 200 https://registry.npmjs.org/shell-quote 2315ms (cache miss)
163 http fetch GET 200 https://registry.npmjs.org/follow-redirects 2336ms (cache miss)
164 http fetch GET 200 https://registry.npmjs.org/postcss-js 2412ms (cache miss)
165 http fetch GET 200 https://registry.npmjs.org/supports-color 2366ms (cache miss)
166 http fetch GET 200 https://registry.npmjs.org/fsevents 2404ms (cache miss)
167 http fetch GET 200 https://registry.npmjs.org/form-data 2384ms (cache miss)
168 http fetch GET 200 https://registry.npmjs.org/chalk 2419ms (cache miss)
169 http fetch GET 200 https://registry.npmjs.org/object-hash 2476ms (cache miss)
170 http fetch GET 200 https://registry.npmjs.org/lodash 2440ms (cache miss)
171 http fetch GET 200 https://registry.npmjs.org/micromatch 2530ms (cache miss)
172 http fetch GET 200 https://registry.npmjs.org/fraction.js 2509ms (cache miss)
173 http fetch GET 200 https://registry.npmjs.org/postcss-import 2542ms (cache miss)
174 http fetch GET 200 https://registry.npmjs.org/vite-plugin-full-reload 2525ms (cache miss)
175 http fetch GET 200 https://registry.npmjs.org/postcss-nested 2628ms (cache miss)
176 http fetch GET 200 https://registry.npmjs.org/fast-glob 2775ms (cache miss)
177 http fetch GET 200 https://registry.npmjs.org/postcss-selector-parser 2797ms (cache miss)
178 http fetch GET 200 https://registry.npmjs.org/nanoid 2809ms (cache miss)
179 http fetch GET 200 https://registry.npmjs.org/yargs 2859ms (cache miss)
180 http fetch GET 200 https://registry.npmjs.org/resolve 2961ms (cache miss)
181 http fetch GET 200 https://registry.npmjs.org/rxjs 2909ms (cache miss)
182 http fetch GET 200 https://registry.npmjs.org/browserslist 2976ms (cache miss)
183 http fetch GET 200 https://registry.npmjs.org/sucrase 3032ms (cache miss)
184 http fetch GET 200 https://registry.npmjs.org/@inertiajs%2fcore 3081ms (cache miss)
185 http fetch GET 200 https://registry.npmjs.org/jiti 3238ms (cache miss)
186 http fetch GET 200 https://registry.npmjs.org/@vue%2fserver-renderer 3353ms (cache miss)
187 http fetch GET 200 https://registry.npmjs.org/@vue%2fruntime-dom 3404ms (cache miss)
188 http fetch GET 200 https://registry.npmjs.org/@vue%2fshared 3425ms (cache miss)
189 http fetch GET 200 https://registry.npmjs.org/@vue%2fcompiler-dom 3442ms (cache miss)
190 http fetch GET 200 https://registry.npmjs.org/@vue%2fcompiler-sfc 3474ms (cache miss)
191 http fetch GET 200 https://registry.npmjs.org/caniuse-lite 3510ms (cache miss)
192 http fetch GET 200 https://registry.npmjs.org/esbuild 3541ms (cache miss)
193 http fetch GET 200 https://registry.npmjs.org/rollup 3721ms (cache miss)
194 timing idealTree:#root Completed in 14133ms
195 silly placeDep ROOT @inertiajs/core@1.2.0 OK for: @inertiajs/vue3@1.2.0 want: 1.2.0
196 silly placeDep ROOT lodash.clonedeep@4.5.0 OK for: @inertiajs/vue3@1.2.0 want: ^4.5.0
197 silly placeDep ROOT lodash.isequal@4.5.0 OK for: @inertiajs/vue3@1.2.0 want: ^4.5.0
198 silly fetch manifest qs@^6.9.0
199 silly fetch manifest deepmerge@^4.0.0
200 silly fetch manifest nprogress@^0.2.0
201 http fetch GET 200 https://registry.npmjs.org/deepmerge 168ms (cache miss)
202 http fetch GET 200 https://registry.npmjs.org/qs 1006ms (cache miss)
203 http fetch GET 200 https://registry.npmjs.org/nprogress 1017ms (cache miss)
204 timing idealTree:node_modules/@inertiajs/vue3 Completed in 1030ms
205 silly placeDep ROOT deepmerge@4.3.1 OK for: @inertiajs/core@1.2.0 want: ^4.0.0
206 silly placeDep ROOT nprogress@0.2.0 OK for: @inertiajs/core@1.2.0 want: ^0.2.0
207 silly placeDep ROOT qs@6.13.1 OK for: @inertiajs/core@1.2.0 want: ^6.9.0
208 silly fetch manifest side-channel@^1.0.6
209 http fetch GET 200 https://registry.npmjs.org/side-channel 142ms (cache miss)
210 timing idealTree:node_modules/@inertiajs/core Completed in 155ms
211 silly placeDep ROOT mini-svg-data-uri@1.4.4 OK for: @tailwindcss/forms@0.5.9 want: ^1.2.3
212 timing idealTree:node_modules/@tailwindcss/forms Completed in 5ms
213 timing idealTree:node_modules/@vitejs/plugin-vue Completed in 0ms
214 silly placeDep ROOT browserslist@4.24.2 OK for: autoprefixer@10.4.20 want: ^4.23.3
215 silly placeDep ROOT caniuse-lite@1.0.30001687 OK for: autoprefixer@10.4.20 want: ^1.0.30001646
216 silly placeDep ROOT fraction.js@4.3.7 OK for: autoprefixer@10.4.20 want: ^4.3.7
217 silly placeDep ROOT normalize-range@0.1.2 OK for: autoprefixer@10.4.20 want: ^0.1.2
218 silly placeDep ROOT picocolors@1.1.1 OK for: autoprefixer@10.4.20 want: ^1.0.1
219 silly placeDep ROOT postcss-value-parser@4.2.0 OK for: autoprefixer@10.4.20 want: ^4.2.0
220 silly fetch manifest electron-to-chromium@^1.5.41
221 silly fetch manifest node-releases@^2.0.18
222 silly fetch manifest update-browserslist-db@^1.1.1
223 http fetch GET 200 https://registry.npmjs.org/update-browserslist-db 247ms (cache miss)
224 http fetch GET 200 https://registry.npmjs.org/node-releases 316ms (cache miss)
225 http fetch GET 200 https://registry.npmjs.org/electron-to-chromium 629ms (cache miss)
226 timing idealTree:node_modules/autoprefixer Completed in 665ms
227 silly placeDep ROOT follow-redirects@1.15.9 OK for: axios@1.7.9 want: ^1.15.6
228 silly placeDep ROOT form-data@4.0.1 OK for: axios@1.7.9 want: ^4.0.0
229 silly placeDep ROOT proxy-from-env@1.1.0 OK for: axios@1.7.9 want: ^1.1.0
230 silly fetch manifest asynckit@^0.4.0
231 silly fetch manifest combined-stream@^1.0.8
232 silly fetch manifest mime-types@^2.1.12
233 http fetch GET 200 https://registry.npmjs.org/asynckit 194ms (cache miss)
234 http fetch GET 200 https://registry.npmjs.org/combined-stream 200ms (cache miss)
235 http fetch GET 200 https://registry.npmjs.org/mime-types 215ms (cache miss)
236 timing idealTree:node_modules/axios Completed in 228ms
237 silly fetch manifest browserslist@>= 4.21.0
238 silly placeDep ROOT electron-to-chromium@1.5.71 OK for: browserslist@4.24.2 want: ^1.5.41
239 silly placeDep ROOT node-releases@2.0.18 OK for: browserslist@4.24.2 want: ^2.0.18
240 silly placeDep ROOT update-browserslist-db@1.1.1 OK for: browserslist@4.24.2 want: ^1.1.1
241 silly fetch manifest escalade@^3.2.0
242 http fetch GET 200 https://registry.npmjs.org/escalade 139ms (cache miss)
243 timing idealTree:node_modules/browserslist Completed in 158ms
244 timing idealTree:node_modules/caniuse-lite Completed in 1ms
245 silly placeDep ROOT chalk@4.1.2 OK for: concurrently@9.1.0 want: ^4.1.2
246 silly placeDep ROOT lodash@4.17.21 OK for: concurrently@9.1.0 want: ^4.17.21
247 silly placeDep ROOT rxjs@7.8.1 OK for: concurrently@9.1.0 want: ^7.8.1
248 silly placeDep ROOT shell-quote@1.8.2 OK for: concurrently@9.1.0 want: ^1.8.1
249 silly placeDep ROOT supports-color@8.1.1 OK for: concurrently@9.1.0 want: ^8.1.1
250 silly placeDep ROOT tree-kill@1.2.2 OK for: concurrently@9.1.0 want: ^1.2.2
251 silly placeDep ROOT yargs@17.7.2 OK for: concurrently@9.1.0 want: ^17.7.2
252 silly fetch manifest ansi-styles@^4.1.0
253 silly fetch manifest supports-color@^7.1.0
254 silly fetch manifest tslib@^2.1.0
255 silly fetch manifest has-flag@^4.0.0
256 silly fetch manifest y18n@^5.0.5
257 silly fetch manifest cliui@^8.0.1
258 silly fetch manifest escalade@^3.1.1
259 silly fetch manifest string-width@^4.2.3
260 silly fetch manifest yargs-parser@^21.1.1
261 silly fetch manifest get-caller-file@^2.0.5
262 silly fetch manifest require-directory@^2.1.1
263 http fetch GET 200 https://registry.npmjs.org/get-caller-file 331ms (cache miss)
264 http fetch GET 200 https://registry.npmjs.org/y18n 401ms (cache miss)
265 http fetch GET 200 https://registry.npmjs.org/string-width 411ms (cache miss)
266 http fetch GET 200 https://registry.npmjs.org/require-directory 429ms (cache miss)
267 http fetch GET 200 https://registry.npmjs.org/has-flag 449ms (cache miss)
268 http fetch GET 200 https://registry.npmjs.org/cliui 462ms (cache miss)
269 http fetch GET 200 https://registry.npmjs.org/ansi-styles 488ms (cache miss)
270 http fetch GET 200 https://registry.npmjs.org/tslib 491ms (cache miss)
271 http fetch GET 200 https://registry.npmjs.org/yargs-parser 495ms (cache miss)
272 timing idealTree:node_modules/concurrently Completed in 533ms
273 silly placeDep ROOT ansi-styles@4.3.0 OK for: chalk@4.1.2 want: ^4.1.0
274 silly placeDep node_modules/chalk supports-color@7.2.0 OK for: chalk@4.1.2 want: ^7.1.0
275 silly fetch manifest color-convert@^2.0.1
276 http fetch GET 200 https://registry.npmjs.org/color-convert 169ms (cache miss)
277 timing idealTree:node_modules/chalk Completed in 183ms
278 silly placeDep ROOT color-convert@2.0.1 OK for: ansi-styles@4.3.0 want: ^2.0.1
279 silly fetch manifest color-name@~1.1.4
280 http fetch GET 200 https://registry.npmjs.org/color-name 149ms (cache miss)
281 timing idealTree:node_modules/ansi-styles Completed in 165ms
282 silly placeDep ROOT color-name@1.1.4 OK for: color-convert@2.0.1 want: ~1.1.4
283 timing idealTree:node_modules/color-convert Completed in 2ms
284 timing idealTree:node_modules/color-name Completed in 0ms
285 timing idealTree:node_modules/deepmerge Completed in 0ms
286 timing idealTree:node_modules/electron-to-chromium Completed in 0ms
287 timing idealTree:node_modules/follow-redirects Completed in 0ms
288 silly placeDep ROOT asynckit@0.4.0 OK for: form-data@4.0.1 want: ^0.4.0
289 silly placeDep ROOT combined-stream@1.0.8 OK for: form-data@4.0.1 want: ^1.0.8
290 silly placeDep ROOT mime-types@2.1.35 OK for: form-data@4.0.1 want: ^2.1.12
291 silly fetch manifest delayed-stream@~1.0.0
292 silly fetch manifest mime-db@1.52.0
293 http fetch GET 200 https://registry.npmjs.org/delayed-stream 174ms (cache miss)
294 http fetch GET 200 https://registry.npmjs.org/mime-db 187ms (cache miss)
295 timing idealTree:node_modules/form-data Completed in 202ms
296 timing idealTree:node_modules/asynckit Completed in 0ms
297 silly placeDep ROOT delayed-stream@1.0.0 OK for: combined-stream@1.0.8 want: ~1.0.0
298 timing idealTree:node_modules/combined-stream Completed in 4ms
299 timing idealTree:node_modules/delayed-stream Completed in 1ms
300 timing idealTree:node_modules/fraction.js Completed in 0ms
301 silly placeDep ROOT vite-plugin-full-reload@1.2.0 OK for: laravel-vite-plugin@1.1.1 want: ^1.1.0
302 silly fetch manifest picomatch@^2.3.1
303 http fetch GET 200 https://registry.npmjs.org/picomatch 150ms (cache miss)
304 timing idealTree:node_modules/laravel-vite-plugin Completed in 158ms
305 timing idealTree:node_modules/lodash Completed in 0ms
306 timing idealTree:node_modules/lodash.clonedeep Completed in 0ms
307 timing idealTree:node_modules/lodash.isequal Completed in 0ms
308 silly placeDep ROOT mime-db@1.52.0 OK for: mime-types@2.1.35 want: 1.52.0
309 timing idealTree:node_modules/mime-types Completed in 3ms
310 timing idealTree:node_modules/mime-db Completed in 0ms
311 timing idealTree:node_modules/mini-svg-data-uri Completed in 0ms
312 timing idealTree:node_modules/node-releases Completed in 0ms
313 timing idealTree:node_modules/normalize-range Completed in 0ms
314 timing idealTree:node_modules/nprogress Completed in 0ms
315 timing idealTree:node_modules/picocolors Completed in 0ms
316 silly placeDep ROOT nanoid@3.3.8 OK for: postcss@8.4.49 want: ^3.3.7
317 silly placeDep ROOT source-map-js@1.2.1 OK for: postcss@8.4.49 want: ^1.2.1
318 timing idealTree:node_modules/postcss Completed in 4ms
319 timing idealTree:node_modules/nanoid Completed in 0ms
320 timing idealTree:node_modules/postcss-value-parser Completed in 0ms
321 timing idealTree:node_modules/proxy-from-env Completed in 0ms
322 silly placeDep ROOT side-channel@1.0.6 OK for: qs@6.13.1 want: ^1.0.6
323 silly fetch manifest call-bind@^1.0.7
324 silly fetch manifest es-errors@^1.3.0
325 silly fetch manifest get-intrinsic@^1.2.4
326 silly fetch manifest object-inspect@^1.13.1
327 http fetch GET 200 https://registry.npmjs.org/es-errors 207ms (cache miss)
328 http fetch GET 200 https://registry.npmjs.org/get-intrinsic 227ms (cache miss)
329 http fetch GET 200 https://registry.npmjs.org/call-bind 246ms (cache miss)
330 http fetch GET 200 https://registry.npmjs.org/object-inspect 239ms (cache miss)
331 timing idealTree:node_modules/qs Completed in 259ms
332 silly placeDep ROOT tslib@2.8.1 OK for: rxjs@7.8.1 want: ^2.1.0
333 timing idealTree:node_modules/rxjs Completed in 4ms
334 timing idealTree:node_modules/shell-quote Completed in 0ms
335 silly placeDep ROOT call-bind@1.0.8 OK for: side-channel@1.0.6 want: ^1.0.7
336 silly placeDep ROOT es-errors@1.3.0 OK for: side-channel@1.0.6 want: ^1.3.0
337 silly placeDep ROOT get-intrinsic@1.2.5 OK for: side-channel@1.0.6 want: ^1.2.4
338 silly placeDep ROOT object-inspect@1.13.3 OK for: side-channel@1.0.6 want: ^1.13.1
339 silly fetch manifest call-bind-apply-helpers@^1.0.0
340 silly fetch manifest es-define-property@^1.0.0
341 silly fetch manifest set-function-length@^1.2.2
342 silly fetch manifest dunder-proto@^1.0.0
343 silly fetch manifest es-define-property@^1.0.1
344 silly fetch manifest function-bind@^1.1.2
345 silly fetch manifest gopd@^1.2.0
346 silly fetch manifest has-symbols@^1.1.0
347 silly fetch manifest hasown@^2.0.2
348 http fetch GET 200 https://registry.npmjs.org/es-define-property 406ms (cache miss)
349 http fetch GET 200 https://registry.npmjs.org/function-bind 406ms (cache miss)
350 http fetch GET 200 https://registry.npmjs.org/dunder-proto 423ms (cache miss)
351 http fetch GET 200 https://registry.npmjs.org/call-bind-apply-helpers 432ms (cache miss)
352 http fetch GET 200 https://registry.npmjs.org/es-define-property 438ms (cache miss)
353 http fetch GET 200 https://registry.npmjs.org/has-symbols 433ms (cache miss)
354 http fetch GET 200 https://registry.npmjs.org/set-function-length 453ms (cache miss)
355 http fetch GET 200 https://registry.npmjs.org/hasown 450ms (cache miss)
356 http fetch GET 200 https://registry.npmjs.org/gopd 457ms (cache miss)
357 timing idealTree:node_modules/side-channel Completed in 496ms
358 silly placeDep ROOT call-bind-apply-helpers@1.0.0 OK for: call-bind@1.0.8 want: ^1.0.0
359 silly placeDep ROOT es-define-property@1.0.1 OK for: call-bind@1.0.8 want: ^1.0.0
360 silly placeDep ROOT set-function-length@1.2.2 OK for: call-bind@1.0.8 want: ^1.2.2
361 silly fetch manifest define-data-property@^1.1.4
362 silly fetch manifest gopd@^1.0.1
363 silly fetch manifest has-property-descriptors@^1.0.2
364 http fetch GET 200 https://registry.npmjs.org/has-property-descriptors 154ms (cache miss)
365 http fetch GET 200 https://registry.npmjs.org/define-data-property 180ms (cache miss)
366 timing idealTree:node_modules/call-bind Completed in 194ms
367 silly placeDep node_modules/call-bind-apply-helpers function-bind@ OK for: call-bind-apply-helpers@1.0.0 want: ^1.1.2
368 timing idealTree:node_modules/call-bind-apply-helpers Completed in 4ms
369 timing idealTree:node_modules/es-define-property Completed in 0ms
370 timing idealTree:node_modules/es-errors Completed in 0ms
371 silly placeDep ROOT dunder-proto@1.0.0 OK for: get-intrinsic@1.2.5 want: ^1.0.0
372 silly placeDep node_modules/get-intrinsic function-bind@ OK for: get-intrinsic@1.2.5 want: ^1.1.2
373 silly placeDep ROOT gopd@1.2.0 OK for: get-intrinsic@1.2.5 want: ^1.2.0
374 silly placeDep ROOT has-symbols@1.1.0 OK for: get-intrinsic@1.2.5 want: ^1.1.0
375 silly placeDep ROOT hasown@2.0.2 OK for: get-intrinsic@1.2.5 want: ^2.0.2
376 timing idealTree:node_modules/get-intrinsic Completed in 12ms
377 timing idealTree:node_modules/dunder-proto Completed in 0ms
378 timing idealTree:node_modules/gopd Completed in 0ms
379 timing idealTree:node_modules/has-symbols Completed in 0ms
380 silly placeDep node_modules/hasown function-bind@ OK for: hasown@2.0.2 want: ^1.1.2
381 timing idealTree:node_modules/hasown Completed in 2ms
382 timing idealTree:node_modules/object-inspect Completed in 0ms
383 silly placeDep ROOT define-data-property@1.1.4 OK for: set-function-length@1.2.2 want: ^1.1.4
384 silly placeDep node_modules/set-function-length function-bind@ OK for: set-function-length@1.2.2 want: ^1.1.2
385 silly placeDep ROOT has-property-descriptors@1.0.2 OK for: set-function-length@1.2.2 want: ^1.0.2
386 timing idealTree:node_modules/set-function-length Completed in 8ms
387 timing idealTree:node_modules/define-data-property Completed in 0ms
388 timing idealTree:node_modules/has-property-descriptors Completed in 0ms
389 timing idealTree:node_modules/source-map-js Completed in 0ms
390 silly placeDep ROOT has-flag@4.0.0 OK for: supports-color@8.1.1 want: ^4.0.0
391 timing idealTree:node_modules/supports-color Completed in 2ms
392 timing idealTree:node_modules/has-flag Completed in 0ms
393 silly fetch manifest postcss@^8.4.47
394 silly fetch manifest ts-node@>=9.0.0
395 http fetch GET 200 https://registry.npmjs.org/ts-node 184ms (cache miss)
396 silly fetch manifest @swc/core@>=1.2.50
397 http fetch GET 200 https://registry.npmjs.org/@swc%2fcore 533ms (cache miss)
398 silly fetch manifest @swc/helpers@*
399 http fetch GET 200 https://registry.npmjs.org/@swc%2fhelpers 408ms (cache miss)
400 silly fetch manifest @swc/wasm@>=1.2.50
401 http fetch GET 200 https://registry.npmjs.org/@swc%2fwasm 1433ms (cache miss)
402 silly fetch manifest @types/node@*
403 silly fetch manifest typescript@>=2.7
404 silly placeDep ROOT @alloc/quick-lru@5.2.0 OK for: tailwindcss@3.4.16 want: ^5.2.0
405 silly placeDep ROOT arg@5.0.2 OK for: tailwindcss@3.4.16 want: ^5.0.2
406 silly placeDep ROOT chokidar@3.6.0 OK for: tailwindcss@3.4.16 want: ^3.6.0
407 silly placeDep ROOT didyoumean@1.2.2 OK for: tailwindcss@3.4.16 want: ^1.2.2
408 silly placeDep ROOT dlv@1.1.3 OK for: tailwindcss@3.4.16 want: ^1.1.3
409 silly placeDep ROOT fast-glob@3.3.2 OK for: tailwindcss@3.4.16 want: ^3.3.2
410 silly placeDep ROOT glob-parent@6.0.2 OK for: tailwindcss@3.4.16 want: ^6.0.2
411 silly placeDep ROOT is-glob@4.0.3 OK for: tailwindcss@3.4.16 want: ^4.0.3
412 silly placeDep ROOT jiti@1.21.6 OK for: tailwindcss@3.4.16 want: ^1.21.6
413 silly placeDep ROOT lilconfig@3.1.3 OK for: tailwindcss@3.4.16 want: ^3.1.3
414 silly placeDep ROOT micromatch@4.0.8 OK for: tailwindcss@3.4.16 want: ^4.0.8
415 silly placeDep node_modules/tailwindcss normalize-path@ OK for: tailwindcss@3.4.16 want: ^3.0.0
416 silly placeDep ROOT object-hash@3.0.0 OK for: tailwindcss@3.4.16 want: ^3.0.0
417 silly placeDep ROOT postcss-import@15.1.0 OK for: tailwindcss@3.4.16 want: ^15.1.0
418 silly placeDep ROOT postcss-js@4.0.1 OK for: tailwindcss@3.4.16 want: ^4.0.1
419 silly placeDep ROOT postcss-load-config@4.0.2 OK for: tailwindcss@3.4.16 want: ^4.0.2
420 silly placeDep ROOT postcss-nested@6.2.0 OK for: tailwindcss@3.4.16 want: ^6.2.0
421 silly placeDep ROOT postcss-selector-parser@6.1.2 OK for: tailwindcss@3.4.16 want: ^6.1.2
422 silly placeDep ROOT resolve@1.22.8 OK for: tailwindcss@3.4.16 want: ^1.22.8
423 silly placeDep ROOT sucrase@3.35.0 OK for: tailwindcss@3.4.16 want: ^3.35.0
424 silly fetch manifest braces@~3.0.2
425 silly fetch manifest anymatch@~3.1.2
426 silly fetch manifest readdirp@~3.6.0
427 silly fetch manifest glob-parent@~5.1.2
428 silly fetch manifest is-binary-path@~2.1.0
429 silly fetch manifest normalize-path@~3.0.0
430 silly fetch manifest fsevents@~2.3.2
431 silly fetch manifest @nodelib/fs.stat@^2.0.2
432 silly fetch manifest @nodelib/fs.walk@^1.2.3
433 silly fetch manifest glob-parent@^5.1.2
434 silly fetch manifest merge2@^1.3.0
435 silly fetch manifest is-extglob@^2.1.1
436 silly fetch manifest braces@^3.0.3
437 silly fetch manifest read-cache@^1.0.0
438 silly fetch manifest camelcase-css@^2.0.1
439 silly fetch manifest yaml@^2.3.4
440 silly fetch manifest cssesc@^3.0.0
441 silly fetch manifest util-deprecate@^1.0.2
442 silly fetch manifest is-core-module@^2.13.0
443 silly fetch manifest path-parse@^1.0.7
444 silly fetch manifest supports-preserve-symlinks-flag@^1.0.0
445 silly fetch manifest @jridgewell/gen-mapping@^0.3.2
446 silly fetch manifest commander@^4.0.0
447 silly fetch manifest glob@^10.3.10
448 silly fetch manifest lines-and-columns@^1.1.6
449 silly fetch manifest mz@^2.7.0
450 silly fetch manifest pirates@^4.0.1
451 silly fetch manifest ts-interface-checker@^0.1.9
452 http fetch GET 200 https://registry.npmjs.org/is-extglob 628ms (cache miss)
453 http fetch GET 200 https://registry.npmjs.org/camelcase-css 692ms (cache miss)
454 http fetch GET 200 https://registry.npmjs.org/normalize-path 712ms (cache miss)
455 http fetch GET 200 https://registry.npmjs.org/braces 736ms (cache miss)
456 http fetch GET 200 https://registry.npmjs.org/is-binary-path 764ms (cache miss)
457 http fetch GET 200 https://registry.npmjs.org/util-deprecate 749ms (cache miss)
458 http fetch GET 200 https://registry.npmjs.org/anymatch 794ms (cache miss)
459 http fetch GET 200 https://registry.npmjs.org/read-cache 799ms (cache miss)
460 http fetch GET 200 https://registry.npmjs.org/supports-preserve-symlinks-flag 807ms (cache miss)
461 http fetch GET 200 https://registry.npmjs.org/path-parse 813ms (cache miss)
462 http fetch GET 200 https://registry.npmjs.org/braces 837ms (cache miss)
463 http fetch GET 200 https://registry.npmjs.org/cssesc 838ms (cache miss)
464 http fetch GET 200 https://registry.npmjs.org/merge2 876ms (cache miss)
465 http fetch GET 200 https://registry.npmjs.org/lines-and-columns 906ms (cache miss)
466 http fetch GET 200 https://registry.npmjs.org/is-core-module 936ms (cache miss)
467 http fetch GET 200 https://registry.npmjs.org/mz 949ms (cache miss)
468 http fetch GET 200 https://registry.npmjs.org/pirates 973ms (cache miss)
469 http fetch GET 200 https://registry.npmjs.org/readdirp 1026ms (cache miss)
470 http fetch GET 200 https://registry.npmjs.org/@nodelib%2ffs.stat 1033ms (cache miss)
471 http fetch GET 200 https://registry.npmjs.org/ts-interface-checker 1018ms (cache miss)
472 http fetch GET 200 https://registry.npmjs.org/@nodelib%2ffs.walk 1068ms (cache miss)
473 http fetch GET 200 https://registry.npmjs.org/glob 1052ms (cache miss)
474 http fetch GET 200 https://registry.npmjs.org/@jridgewell%2fgen-mapping 1073ms (cache miss)
475 http fetch GET 200 https://registry.npmjs.org/commander 1091ms (cache miss)
476 http fetch GET 200 https://registry.npmjs.org/yaml 1119ms (cache miss)
477 timing idealTree:node_modules/tailwindcss Completed in 3817ms
478 timing idealTree:node_modules/@alloc/quick-lru Completed in 0ms
479 timing idealTree:node_modules/arg Completed in 0ms
480 silly placeDep ROOT anymatch@3.1.3 OK for: chokidar@3.6.0 want: ~3.1.2
481 silly placeDep ROOT braces@3.0.3 OK for: chokidar@3.6.0 want: ~3.0.2
482 silly placeDep ROOT fsevents@2.3.3 OK for: chokidar@3.6.0 want: ~2.3.2
483 silly placeDep node_modules/chokidar glob-parent@5.1.2 OK for: chokidar@3.6.0 want: ~5.1.2
484 silly placeDep ROOT is-binary-path@2.1.0 OK for: chokidar@3.6.0 want: ~2.1.0
485 silly placeDep ROOT normalize-path@3.0.0 OK for: chokidar@3.6.0 want: ~3.0.0
486 silly placeDep ROOT readdirp@3.6.0 OK for: chokidar@3.6.0 want: ~3.6.0
487 silly fetch manifest picomatch@^2.0.4
488 silly fetch manifest fill-range@^7.1.1
489 silly fetch manifest binary-extensions@^2.0.0
490 silly fetch manifest picomatch@^2.2.1
491 http fetch GET 200 https://registry.npmjs.org/fill-range 158ms (cache miss)
492 http fetch GET 200 https://registry.npmjs.org/binary-extensions 167ms (cache miss)
493 timing idealTree:node_modules/chokidar Completed in 195ms
494 silly placeDep ROOT picomatch@2.3.1 OK for: anymatch@3.1.3 want: ^2.0.4
495 timing idealTree:node_modules/anymatch Completed in 3ms
496 silly placeDep ROOT fill-range@7.1.1 OK for: braces@3.0.3 want: ^7.1.1
497 silly fetch manifest to-regex-range@^5.0.1
498 http fetch GET 200 https://registry.npmjs.org/to-regex-range 123ms (cache miss)
499 timing idealTree:node_modules/braces Completed in 129ms
500 timing idealTree:node_modules/didyoumean Completed in 0ms
501 timing idealTree:node_modules/dlv Completed in 0ms
502 silly placeDep ROOT @nodelib/fs.stat@2.0.5 OK for: fast-glob@3.3.2 want: ^2.0.2
503 silly placeDep ROOT @nodelib/fs.walk@1.2.8 OK for: fast-glob@3.3.2 want: ^1.2.3
504 silly placeDep node_modules/fast-glob glob-parent@5.1.2 OK for: fast-glob@3.3.2 want: ^5.1.2
505 silly placeDep ROOT merge2@1.4.1 OK for: fast-glob@3.3.2 want: ^1.3.0
506 silly fetch manifest fastq@^1.6.0
507 silly fetch manifest @nodelib/fs.scandir@2.1.5
508 http fetch GET 200 https://registry.npmjs.org/fastq 142ms (cache miss)
509 http fetch GET 200 https://registry.npmjs.org/@nodelib%2ffs.scandir 401ms (cache miss)
510 timing idealTree:node_modules/fast-glob Completed in 416ms
511 timing idealTree:node_modules/@nodelib/fs.stat Completed in 0ms
512 silly placeDep ROOT @nodelib/fs.scandir@2.1.5 OK for: @nodelib/fs.walk@1.2.8 want: 2.1.5
513 silly placeDep ROOT fastq@1.17.1 OK for: @nodelib/fs.walk@1.2.8 want: ^1.6.0
514 silly fetch manifest run-parallel@^1.1.9
515 silly fetch manifest reusify@^1.0.4
516 http fetch GET 200 https://registry.npmjs.org/reusify 164ms (cache miss)
517 http fetch GET 200 https://registry.npmjs.org/run-parallel 180ms (cache miss)
518 timing idealTree:node_modules/@nodelib/fs.walk Completed in 191ms
519 silly placeDep ROOT run-parallel@1.2.0 OK for: @nodelib/fs.scandir@2.1.5 want: ^1.1.9
520 silly fetch manifest queue-microtask@^1.2.2
521 http fetch GET 200 https://registry.npmjs.org/queue-microtask 156ms (cache miss)
522 timing idealTree:node_modules/@nodelib/fs.scandir Completed in 167ms
523 silly placeDep ROOT reusify@1.0.4 OK for: fastq@1.17.1 want: ^1.0.4
524 timing idealTree:node_modules/fastq Completed in 2ms
525 silly placeDep ROOT to-regex-range@5.0.1 OK for: fill-range@7.1.1 want: ^5.0.1
526 silly fetch manifest is-number@^7.0.0
527 http fetch GET 200 https://registry.npmjs.org/is-number 128ms (cache miss)
528 timing idealTree:node_modules/fill-range Completed in 137ms
529 timing idealTree:node_modules/fsevents Completed in 0ms
530 timing idealTree:node_modules/glob-parent Completed in 0ms
531 silly placeDep ROOT binary-extensions@2.3.0 OK for: is-binary-path@2.1.0 want: ^2.0.0
532 timing idealTree:node_modules/is-binary-path Completed in 4ms
533 timing idealTree:node_modules/binary-extensions Completed in 0ms
534 silly placeDep ROOT is-extglob@2.1.1 OK for: is-glob@4.0.3 want: ^2.1.1
535 timing idealTree:node_modules/is-glob Completed in 4ms
536 timing idealTree:node_modules/is-extglob Completed in 1ms
537 timing idealTree:node_modules/jiti Completed in 0ms
538 timing idealTree:node_modules/lilconfig Completed in 0ms
539 timing idealTree:node_modules/merge2 Completed in 0ms
540 timing idealTree:node_modules/micromatch Completed in 0ms
541 timing idealTree:node_modules/normalize-path Completed in 0ms
542 timing idealTree:node_modules/object-hash Completed in 0ms
543 timing idealTree:node_modules/picomatch Completed in 0ms
544 silly placeDep ROOT read-cache@1.0.0 OK for: postcss-import@15.1.0 want: ^1.0.0
545 silly fetch manifest pify@^2.3.0
546 http fetch GET 200 https://registry.npmjs.org/pify 142ms (cache miss)
547 timing idealTree:node_modules/postcss-import Completed in 148ms
548 silly placeDep ROOT camelcase-css@2.0.1 OK for: postcss-js@4.0.1 want: ^2.0.1
549 timing idealTree:node_modules/postcss-js Completed in 5ms
550 timing idealTree:node_modules/camelcase-css Completed in 0ms
551 silly placeDep ROOT yaml@2.6.1 OK for: postcss-load-config@4.0.2 want: ^2.3.4
552 timing idealTree:node_modules/postcss-load-config Completed in 3ms
553 timing idealTree:node_modules/postcss-nested Completed in 0ms
554 silly placeDep ROOT cssesc@3.0.0 OK for: postcss-selector-parser@6.1.2 want: ^3.0.0
555 silly placeDep ROOT util-deprecate@1.0.2 OK for: postcss-selector-parser@6.1.2 want: ^1.0.2
556 timing idealTree:node_modules/postcss-selector-parser Completed in 4ms
557 timing idealTree:node_modules/cssesc Completed in 0ms
558 silly placeDep ROOT pify@2.3.0 OK for: read-cache@1.0.0 want: ^2.3.0
559 timing idealTree:node_modules/read-cache Completed in 3ms
560 timing idealTree:node_modules/pify Completed in 0ms
561 timing idealTree:node_modules/readdirp Completed in 0ms
562 silly placeDep ROOT is-core-module@2.15.1 OK for: resolve@1.22.8 want: ^2.13.0
563 silly placeDep ROOT path-parse@1.0.7 OK for: resolve@1.22.8 want: ^1.0.7
564 silly placeDep ROOT supports-preserve-symlinks-flag@1.0.0 OK for: resolve@1.22.8 want: ^1.0.0
565 timing idealTree:node_modules/resolve Completed in 10ms
566 timing idealTree:node_modules/is-core-module Completed in 0ms
567 timing idealTree:node_modules/path-parse Completed in 0ms
568 timing idealTree:node_modules/reusify Completed in 0ms
569 silly placeDep ROOT queue-microtask@1.2.3 OK for: run-parallel@1.2.0 want: ^1.2.2
570 timing idealTree:node_modules/run-parallel Completed in 2ms
571 timing idealTree:node_modules/queue-microtask Completed in 0ms
572 silly placeDep ROOT @jridgewell/gen-mapping@0.3.5 OK for: sucrase@3.35.0 want: ^0.3.2
573 silly placeDep ROOT commander@4.1.1 OK for: sucrase@3.35.0 want: ^4.0.0
574 silly placeDep ROOT glob@10.4.5 OK for: sucrase@3.35.0 want: ^10.3.10
575 silly placeDep ROOT lines-and-columns@1.2.4 OK for: sucrase@3.35.0 want: ^1.1.6
576 silly placeDep ROOT mz@2.7.0 OK for: sucrase@3.35.0 want: ^2.7.0
577 silly placeDep ROOT pirates@4.0.6 OK for: sucrase@3.35.0 want: ^4.0.1
578 silly placeDep ROOT ts-interface-checker@0.1.13 OK for: sucrase@3.35.0 want: ^0.1.9
579 silly fetch manifest @jridgewell/set-array@^1.2.1
580 silly fetch manifest @jridgewell/trace-mapping@^0.3.24
581 silly fetch manifest @jridgewell/sourcemap-codec@^1.4.10
582 silly fetch manifest minipass@^7.1.2
583 silly fetch manifest jackspeak@^3.1.2
584 silly fetch manifest minimatch@^9.0.4
585 silly fetch manifest path-scurry@^1.11.1
586 silly fetch manifest foreground-child@^3.1.0
587 silly fetch manifest package-json-from-dist@^1.0.0
588 silly fetch manifest any-promise@^1.0.0
589 silly fetch manifest object-assign@^4.0.1
590 silly fetch manifest thenify-all@^1.0.0
591 http fetch GET 200 https://registry.npmjs.org/any-promise 353ms (cache miss)
592 http fetch GET 200 https://registry.npmjs.org/object-assign 373ms (cache miss)
593 http fetch GET 200 https://registry.npmjs.org/foreground-child 421ms (cache miss)
594 http fetch GET 200 https://registry.npmjs.org/path-scurry 427ms (cache miss)
595 http fetch GET 200 https://registry.npmjs.org/thenify-all 455ms (cache miss)
596 http fetch GET 200 https://registry.npmjs.org/package-json-from-dist 480ms (cache miss)
597 http fetch GET 200 https://registry.npmjs.org/jackspeak 495ms (cache miss)
598 http fetch GET 200 https://registry.npmjs.org/minimatch 512ms (cache miss)
599 http fetch GET 200 https://registry.npmjs.org/@jridgewell%2fset-array 550ms (cache miss)
600 http fetch GET 200 https://registry.npmjs.org/@jridgewell%2fsourcemap-codec 565ms (cache miss)
601 http fetch GET 200 https://registry.npmjs.org/minipass 574ms (cache miss)
602 http fetch GET 200 https://registry.npmjs.org/@jridgewell%2ftrace-mapping 1216ms (cache miss)
603 timing idealTree:node_modules/sucrase Completed in 1241ms
604 silly placeDep ROOT @jridgewell/set-array@1.2.1 OK for: @jridgewell/gen-mapping@0.3.5 want: ^1.2.1
605 silly placeDep ROOT @jridgewell/sourcemap-codec@1.5.0 OK for: @jridgewell/gen-mapping@0.3.5 want: ^1.4.10
606 silly placeDep ROOT @jridgewell/trace-mapping@0.3.25 OK for: @jridgewell/gen-mapping@0.3.5 want: ^0.3.24
607 silly fetch manifest @jridgewell/resolve-uri@^3.1.0
608 http fetch GET 200 https://registry.npmjs.org/@jridgewell%2fresolve-uri 392ms (cache miss)
609 timing idealTree:node_modules/@jridgewell/gen-mapping Completed in 406ms
610 timing idealTree:node_modules/@jridgewell/set-array Completed in 0ms
611 timing idealTree:node_modules/@jridgewell/sourcemap-codec Completed in 0ms
612 silly placeDep ROOT @jridgewell/resolve-uri@3.1.2 OK for: @jridgewell/trace-mapping@0.3.25 want: ^3.1.0
613 timing idealTree:node_modules/@jridgewell/trace-mapping Completed in 4ms
614 timing idealTree:node_modules/@jridgewell/resolve-uri Completed in 0ms
615 timing idealTree:node_modules/commander Completed in 0ms
616 silly placeDep ROOT foreground-child@3.3.0 OK for: glob@10.4.5 want: ^3.1.0
617 silly placeDep ROOT jackspeak@3.4.3 OK for: glob@10.4.5 want: ^3.1.2
618 silly placeDep ROOT minimatch@9.0.5 OK for: glob@10.4.5 want: ^9.0.4
619 silly placeDep ROOT minipass@7.1.2 OK for: glob@10.4.5 want: ^7.1.2
620 silly placeDep node_modules/glob package-json-from-dist@ OK for: glob@10.4.5 want: ^1.0.0
621 silly placeDep ROOT path-scurry@1.11.1 OK for: glob@10.4.5 want: ^1.11.1
622 silly fetch manifest cross-spawn@^7.0.0
623 silly fetch manifest signal-exit@^4.0.1
624 silly fetch manifest @isaacs/cliui@^8.0.2
625 silly fetch manifest @pkgjs/parseargs@^0.11.0
626 silly fetch manifest brace-expansion@^2.0.1
627 silly fetch manifest lru-cache@^10.2.0
628 http fetch GET 200 https://registry.npmjs.org/signal-exit 187ms (cache miss)
629 http fetch GET 200 https://registry.npmjs.org/brace-expansion 203ms (cache miss)
630 http fetch GET 200 https://registry.npmjs.org/cross-spawn 218ms (cache miss)
631 http fetch GET 200 https://registry.npmjs.org/lru-cache 251ms (cache miss)
632 http fetch GET 200 https://registry.npmjs.org/@pkgjs%2fparseargs 387ms (cache miss)
633 http fetch GET 200 https://registry.npmjs.org/@isaacs%2fcliui 403ms (cache miss)
634 timing idealTree:node_modules/glob Completed in 424ms
635 silly placeDep ROOT cross-spawn@7.0.6 OK for: foreground-child@3.3.0 want: ^7.0.0
636 silly placeDep ROOT signal-exit@4.1.0 OK for: foreground-child@3.3.0 want: ^4.0.1
637 silly fetch manifest which@^2.0.1
638 silly fetch manifest path-key@^3.1.0
639 silly fetch manifest shebang-command@^2.0.0
640 http fetch GET 200 https://registry.npmjs.org/path-key 182ms (cache miss)
641 http fetch GET 200 https://registry.npmjs.org/shebang-command 189ms (cache miss)
642 http fetch GET 200 https://registry.npmjs.org/which 196ms (cache miss)
643 timing idealTree:node_modules/foreground-child Completed in 209ms
644 silly placeDep ROOT path-key@3.1.1 OK for: cross-spawn@7.0.6 want: ^3.1.0
645 silly placeDep ROOT shebang-command@2.0.0 OK for: cross-spawn@7.0.6 want: ^2.0.0
646 silly placeDep ROOT which@2.0.2 OK for: cross-spawn@7.0.6 want: ^2.0.1
647 silly fetch manifest shebang-regex@^3.0.0
648 silly fetch manifest isexe@^2.0.0
649 http fetch GET 200 https://registry.npmjs.org/shebang-regex 147ms (cache miss)
650 http fetch GET 200 https://registry.npmjs.org/isexe 149ms (cache miss)
651 timing idealTree:node_modules/cross-spawn Completed in 168ms
652 silly placeDep ROOT @isaacs/cliui@8.0.2 OK for: jackspeak@3.4.3 want: ^8.0.2
653 silly placeDep ROOT @pkgjs/parseargs@0.11.0 OK for: jackspeak@3.4.3 want: ^0.11.0
654 silly fetch manifest string-width@^5.1.2
655 silly fetch manifest string-width-cjs@npm:string-width@^4.2.0
656 silly fetch manifest strip-ansi@^7.0.1
657 silly fetch manifest strip-ansi-cjs@npm:strip-ansi@^6.0.1
658 silly fetch manifest wrap-ansi@^8.1.0
659 silly fetch manifest wrap-ansi-cjs@npm:wrap-ansi@^7.0.0
660 http fetch GET 200 https://registry.npmjs.org/strip-ansi 206ms (cache miss)
661 http fetch GET 200 https://registry.npmjs.org/strip-ansi 210ms (cache miss)
662 http fetch GET 200 https://registry.npmjs.org/wrap-ansi 218ms (cache miss)
663 http fetch GET 200 https://registry.npmjs.org/wrap-ansi 230ms (cache miss)
664 timing idealTree:node_modules/jackspeak Completed in 247ms
665 silly placeDep ROOT string-width@5.1.2 OK for: @isaacs/cliui@8.0.2 want: ^5.1.2
666 silly placeDep ROOT string-width-cjs@4.2.3 OK for: @isaacs/cliui@8.0.2 want: npm:string-width@^4.2.0
667 silly placeDep ROOT strip-ansi@7.1.0 OK for: @isaacs/cliui@8.0.2 want: ^7.0.1
668 silly placeDep ROOT strip-ansi-cjs@6.0.1 OK for: @isaacs/cliui@8.0.2 want: npm:strip-ansi@^6.0.1
669 silly placeDep ROOT wrap-ansi@8.1.0 OK for: @isaacs/cliui@8.0.2 want: ^8.1.0
670 silly placeDep ROOT wrap-ansi-cjs@7.0.0 OK for: @isaacs/cliui@8.0.2 want: npm:wrap-ansi@^7.0.0
671 silly fetch manifest emoji-regex@^9.2.2
672 silly fetch manifest eastasianwidth@^0.2.0
673 silly fetch manifest strip-ansi@^6.0.1
674 silly fetch manifest emoji-regex@^8.0.0
675 silly fetch manifest is-fullwidth-code-point@^3.0.0
676 silly fetch manifest ansi-regex@^6.0.1
677 silly fetch manifest ansi-regex@^5.0.1
678 silly fetch manifest ansi-styles@^6.1.0
679 silly fetch manifest string-width@^4.1.0
680 silly fetch manifest strip-ansi@^6.0.0
681 http fetch GET 200 https://registry.npmjs.org/ansi-regex 253ms (cache miss)
682 http fetch GET 200 https://registry.npmjs.org/eastasianwidth 267ms (cache miss)
683 http fetch GET 200 https://registry.npmjs.org/ansi-regex 264ms (cache miss)
684 http fetch GET 200 https://registry.npmjs.org/emoji-regex 278ms (cache miss)
685 http fetch GET 200 https://registry.npmjs.org/emoji-regex 285ms (cache miss)
686 http fetch GET 200 https://registry.npmjs.org/is-fullwidth-code-point 289ms (cache miss)
687 timing idealTree:node_modules/@isaacs/cliui Completed in 313ms
688 timing idealTree:node_modules/@pkgjs/parseargs Completed in 1ms
689 timing idealTree:node_modules/lines-and-columns Completed in 0ms
690 silly placeDep ROOT brace-expansion@2.0.1 OK for: minimatch@9.0.5 want: ^2.0.1
691 silly fetch manifest balanced-match@^1.0.0
692 http fetch GET 200 https://registry.npmjs.org/balanced-match 178ms (cache miss)
693 timing idealTree:node_modules/minimatch Completed in 184ms
694 silly placeDep ROOT balanced-match@1.0.2 OK for: brace-expansion@2.0.1 want: ^1.0.0
695 timing idealTree:node_modules/brace-expansion Completed in 3ms
696 timing idealTree:node_modules/balanced-match Completed in 0ms
697 timing idealTree:node_modules/minipass Completed in 0ms
698 silly placeDep ROOT any-promise@1.3.0 OK for: mz@2.7.0 want: ^1.0.0
699 silly placeDep ROOT object-assign@4.1.1 OK for: mz@2.7.0 want: ^4.0.1
700 silly placeDep ROOT thenify-all@1.6.0 OK for: mz@2.7.0 want: ^1.0.0
701 silly fetch manifest thenify@>= 3.1.0 < 4
702 http fetch GET 200 https://registry.npmjs.org/thenify 138ms (cache miss)
703 timing idealTree:node_modules/mz Completed in 157ms
704 timing idealTree:node_modules/any-promise Completed in 0ms
705 timing idealTree:node_modules/object-assign Completed in 0ms
706 timing idealTree:node_modules/path-key Completed in 0ms
707 silly placeDep ROOT lru-cache@10.4.3 OK for: path-scurry@1.11.1 want: ^10.2.0
708 timing idealTree:node_modules/path-scurry Completed in 3ms
709 timing idealTree:node_modules/lru-cache Completed in 0ms
710 timing idealTree:node_modules/pirates Completed in 0ms
711 silly placeDep ROOT shebang-regex@3.0.0 OK for: shebang-command@2.0.0 want: ^3.0.0
712 timing idealTree:node_modules/shebang-command Completed in 3ms
713 timing idealTree:node_modules/shebang-regex Completed in 0ms
714 timing idealTree:node_modules/signal-exit Completed in 0ms
715 silly placeDep ROOT eastasianwidth@0.2.0 OK for: string-width@5.1.2 want: ^0.2.0
716 silly placeDep ROOT emoji-regex@9.2.2 OK for: string-width@5.1.2 want: ^9.2.2
717 timing idealTree:node_modules/string-width Completed in 5ms
718 timing idealTree:node_modules/eastasianwidth Completed in 0ms
719 timing idealTree:node_modules/emoji-regex Completed in 0ms
720 silly placeDep node_modules/string-width-cjs emoji-regex@8.0.0 OK for: string-width@4.2.3 want: ^8.0.0
721 silly placeDep ROOT is-fullwidth-code-point@3.0.0 OK for: string-width@4.2.3 want: ^3.0.0
722 silly placeDep node_modules/string-width-cjs strip-ansi@6.0.1 OK for: string-width@4.2.3 want: ^6.0.1
723 timing idealTree:node_modules/string-width-cjs Completed in 7ms
724 timing idealTree:node_modules/is-fullwidth-code-point Completed in 0ms
725 silly placeDep ROOT ansi-regex@6.1.0 OK for: strip-ansi@7.1.0 want: ^6.0.1
726 timing idealTree:node_modules/strip-ansi Completed in 2ms
727 timing idealTree:node_modules/ansi-regex Completed in 0ms
728 silly placeDep node_modules/strip-ansi-cjs ansi-regex@5.0.1 OK for: strip-ansi@6.0.1 want: ^5.0.1
729 timing idealTree:node_modules/strip-ansi-cjs Completed in 1ms
730 timing idealTree:node_modules/supports-preserve-symlinks-flag Completed in 0ms
731 silly placeDep ROOT thenify@3.3.1 OK for: thenify-all@1.6.0 want: >= 3.1.0 < 4
732 timing idealTree:node_modules/thenify-all Completed in 2ms
733 timing idealTree:node_modules/thenify Completed in 0ms
734 silly placeDep ROOT is-number@7.0.0 OK for: to-regex-range@5.0.1 want: ^7.0.0
735 timing idealTree:node_modules/to-regex-range Completed in 2ms
736 timing idealTree:node_modules/is-number Completed in 0ms
737 timing idealTree:node_modules/tree-kill Completed in 0ms
738 timing idealTree:node_modules/ts-interface-checker Completed in 0ms
739 timing idealTree:node_modules/tslib Completed in 0ms
740 silly placeDep ROOT escalade@3.2.0 OK for: update-browserslist-db@1.1.1 want: ^3.2.0
741 timing idealTree:node_modules/update-browserslist-db Completed in 3ms
742 timing idealTree:node_modules/escalade Completed in 0ms
743 timing idealTree:node_modules/util-deprecate Completed in 0ms
744 silly placeDep ROOT esbuild@0.21.5 OK for: vite@5.4.11 want: ^0.21.3
745 silly placeDep ROOT rollup@4.28.1 OK for: vite@5.4.11 want: ^4.20.0
746 silly fetch manifest @esbuild/aix-ppc64@0.21.5
747 silly fetch manifest @esbuild/linux-arm@0.21.5
748 silly fetch manifest @esbuild/linux-x64@0.21.5
749 silly fetch manifest @esbuild/sunos-x64@0.21.5
750 silly fetch manifest @esbuild/win32-x64@0.21.5
751 silly fetch manifest @esbuild/darwin-x64@0.21.5
752 silly fetch manifest @esbuild/linux-ia32@0.21.5
753 silly fetch manifest @esbuild/netbsd-x64@0.21.5
754 silly fetch manifest @esbuild/win32-ia32@0.21.5
755 silly fetch manifest @esbuild/android-arm@0.21.5
756 silly fetch manifest @esbuild/android-x64@0.21.5
757 silly fetch manifest @esbuild/freebsd-x64@0.21.5
758 silly fetch manifest @esbuild/linux-arm64@0.21.5
759 silly fetch manifest @esbuild/linux-ppc64@0.21.5
760 silly fetch manifest @esbuild/linux-s390x@0.21.5
761 silly fetch manifest @esbuild/openbsd-x64@0.21.5
762 silly fetch manifest @esbuild/win32-arm64@0.21.5
763 silly fetch manifest @esbuild/darwin-arm64@0.21.5
764 silly fetch manifest @esbuild/android-arm64@0.21.5
765 silly fetch manifest @esbuild/freebsd-arm64@0.21.5
766 silly fetch manifest @esbuild/linux-loong64@0.21.5
767 silly fetch manifest @esbuild/linux-riscv64@0.21.5
768 silly fetch manifest @esbuild/linux-mips64el@0.21.5
769 silly fetch manifest @types/estree@1.0.6
770 silly fetch manifest @rollup/rollup-darwin-arm64@4.28.1
771 silly fetch manifest @rollup/rollup-android-arm64@4.28.1
772 silly fetch manifest @rollup/rollup-win32-arm64-msvc@4.28.1
773 silly fetch manifest @rollup/rollup-freebsd-arm64@4.28.1
774 silly fetch manifest @rollup/rollup-linux-arm64-gnu@4.28.1
775 silly fetch manifest @rollup/rollup-linux-arm64-musl@4.28.1
776 silly fetch manifest @rollup/rollup-android-arm-eabi@4.28.1
777 silly fetch manifest @rollup/rollup-linux-arm-gnueabihf@4.28.1
778 silly fetch manifest @rollup/rollup-linux-arm-musleabihf@4.28.1
779 silly fetch manifest @rollup/rollup-win32-ia32-msvc@4.28.1
780 silly fetch manifest @rollup/rollup-linux-loongarch64-gnu@4.28.1
781 silly fetch manifest @rollup/rollup-linux-riscv64-gnu@4.28.1
782 silly fetch manifest @rollup/rollup-linux-powerpc64le-gnu@4.28.1
783 silly fetch manifest @rollup/rollup-linux-s390x-gnu@4.28.1
784 silly fetch manifest @rollup/rollup-darwin-x64@4.28.1
785 silly fetch manifest @rollup/rollup-win32-x64-msvc@4.28.1
786 silly fetch manifest @rollup/rollup-freebsd-x64@4.28.1
787 silly fetch manifest @rollup/rollup-linux-x64-gnu@4.28.1
788 silly fetch manifest @rollup/rollup-linux-x64-musl@4.28.1
789 http fetch GET 200 https://registry.npmjs.org/@esbuild%2fdarwin-x64 552ms (cache miss)
790 http fetch GET 200 https://registry.npmjs.org/@esbuild%2faix-ppc64 581ms (cache miss)
791 http fetch GET 200 https://registry.npmjs.org/@esbuild%2ffreebsd-x64 602ms (cache miss)
792 http fetch GET 200 https://registry.npmjs.org/@esbuild%2fwin32-x64 625ms (cache miss)
793 http fetch GET 200 https://registry.npmjs.org/@esbuild%2flinux-ia32 627ms (cache miss)
794 http fetch GET 200 https://registry.npmjs.org/@esbuild%2flinux-x64 1467ms (cache miss)
795 http fetch GET 200 https://registry.npmjs.org/@esbuild%2flinux-s390x 1579ms (cache miss)
796 http fetch GET 200 https://registry.npmjs.org/@esbuild%2flinux-arm 1666ms (cache miss)
797 http fetch GET 200 https://registry.npmjs.org/@esbuild%2fsunos-x64 1764ms (cache miss)
798 http fetch GET 200 https://registry.npmjs.org/@esbuild%2fandroid-arm 1770ms (cache miss)
799 http fetch GET 200 https://registry.npmjs.org/@esbuild%2fnetbsd-x64 1797ms (cache miss)
800 http fetch GET 200 https://registry.npmjs.org/@types%2festree 1787ms (cache miss)
801 http fetch GET 200 https://registry.npmjs.org/@esbuild%2fandroid-x64 1813ms (cache miss)
802 http fetch GET 200 https://registry.npmjs.org/@esbuild%2fwin32-ia32 1851ms (cache miss)
803 http fetch GET 200 https://registry.npmjs.org/@esbuild%2flinux-arm64 1923ms (cache miss)
804 http fetch GET 200 https://registry.npmjs.org/@esbuild%2flinux-ppc64 1925ms (cache miss)
805 http fetch GET 200 https://registry.npmjs.org/@rollup%2frollup-win32-arm64-msvc 2246ms (cache miss)
806 http fetch GET 200 https://registry.npmjs.org/@rollup%2frollup-darwin-arm64 2257ms (cache miss)
807 http fetch GET 200 https://registry.npmjs.org/@esbuild%2flinux-riscv64 2268ms (cache miss)
808 http fetch GET 200 https://registry.npmjs.org/@rollup%2frollup-linux-arm64-musl 2320ms (cache miss)
809 http fetch GET 200 https://registry.npmjs.org/@rollup%2frollup-freebsd-arm64 2354ms (cache miss)
810 http fetch GET 200 https://registry.npmjs.org/@esbuild%2fwin32-arm64 2377ms (cache miss)
811 http fetch GET 200 https://registry.npmjs.org/@rollup%2frollup-linux-arm64-gnu 2367ms (cache miss)
812 http fetch GET 200 https://registry.npmjs.org/@rollup%2frollup-android-arm64 2386ms (cache miss)
813 http fetch GET 200 https://registry.npmjs.org/@esbuild%2flinux-mips64el 2444ms (cache miss)
814 http fetch GET 200 https://registry.npmjs.org/@esbuild%2fopenbsd-x64 2512ms (cache miss)
815 http fetch GET 200 https://registry.npmjs.org/@esbuild%2fandroid-arm64 2514ms (cache miss)
816 http fetch GET 200 https://registry.npmjs.org/@esbuild%2fdarwin-arm64 2520ms (cache miss)
817 http fetch GET 200 https://registry.npmjs.org/@rollup%2frollup-linux-loongarch64-gnu 2542ms (cache miss)
818 http fetch GET 200 https://registry.npmjs.org/@rollup%2frollup-freebsd-x64 2539ms (cache miss)
819 http fetch GET 200 https://registry.npmjs.org/@rollup%2frollup-linux-arm-gnueabihf 2649ms (cache miss)
820 http fetch GET 200 https://registry.npmjs.org/@rollup%2frollup-linux-arm-musleabihf 2707ms (cache miss)
821 http fetch GET 200 https://registry.npmjs.org/@rollup%2frollup-linux-riscv64-gnu 2731ms (cache miss)
822 http fetch GET 200 https://registry.npmjs.org/@rollup%2frollup-win32-ia32-msvc 2745ms (cache miss)
823 http fetch GET 200 https://registry.npmjs.org/@rollup%2frollup-android-arm-eabi 2761ms (cache miss)
824 http fetch GET 200 https://registry.npmjs.org/@rollup%2frollup-darwin-x64 2762ms (cache miss)
825 http fetch GET 200 https://registry.npmjs.org/@rollup%2frollup-linux-x64-musl 2762ms (cache miss)
826 http fetch GET 200 https://registry.npmjs.org/@rollup%2frollup-linux-x64-gnu 2773ms (cache miss)
827 http fetch GET 200 https://registry.npmjs.org/@rollup%2frollup-win32-x64-msvc 2806ms (cache miss)
828 http fetch GET 200 https://registry.npmjs.org/@esbuild%2ffreebsd-arm64 2874ms (cache miss)
829 http fetch GET 200 https://registry.npmjs.org/@rollup%2frollup-linux-s390x-gnu 2866ms (cache miss)
830 http fetch GET 200 https://registry.npmjs.org/@esbuild%2flinux-loong64 2916ms (cache miss)
831 http fetch GET 200 https://registry.npmjs.org/@rollup%2frollup-linux-powerpc64le-gnu 3534ms (cache miss)
832 timing idealTree:node_modules/vite Completed in 3604ms
833 silly placeDep ROOT @esbuild/aix-ppc64@0.21.5 OK for: esbuild@0.21.5 want: 0.21.5
834 silly placeDep ROOT @esbuild/android-arm@0.21.5 OK for: esbuild@0.21.5 want: 0.21.5
835 silly placeDep ROOT @esbuild/android-arm64@0.21.5 OK for: esbuild@0.21.5 want: 0.21.5
836 silly placeDep ROOT @esbuild/android-x64@0.21.5 OK for: esbuild@0.21.5 want: 0.21.5
837 silly placeDep ROOT @esbuild/darwin-arm64@0.21.5 OK for: esbuild@0.21.5 want: 0.21.5
838 silly placeDep ROOT @esbuild/darwin-x64@0.21.5 OK for: esbuild@0.21.5 want: 0.21.5
839 silly placeDep ROOT @esbuild/freebsd-arm64@0.21.5 OK for: esbuild@0.21.5 want: 0.21.5
840 silly placeDep ROOT @esbuild/freebsd-x64@0.21.5 OK for: esbuild@0.21.5 want: 0.21.5
841 silly placeDep ROOT @esbuild/linux-arm@0.21.5 OK for: esbuild@0.21.5 want: 0.21.5
842 silly placeDep ROOT @esbuild/linux-arm64@0.21.5 OK for: esbuild@0.21.5 want: 0.21.5
843 silly placeDep ROOT @esbuild/linux-ia32@0.21.5 OK for: esbuild@0.21.5 want: 0.21.5
844 silly placeDep ROOT @esbuild/linux-loong64@0.21.5 OK for: esbuild@0.21.5 want: 0.21.5
845 silly placeDep ROOT @esbuild/linux-mips64el@0.21.5 OK for: esbuild@0.21.5 want: 0.21.5
846 silly placeDep ROOT @esbuild/linux-ppc64@0.21.5 OK for: esbuild@0.21.5 want: 0.21.5
847 silly placeDep ROOT @esbuild/linux-riscv64@0.21.5 OK for: esbuild@0.21.5 want: 0.21.5
848 silly placeDep ROOT @esbuild/linux-s390x@0.21.5 OK for: esbuild@0.21.5 want: 0.21.5
849 silly placeDep ROOT @esbuild/linux-x64@0.21.5 OK for: esbuild@0.21.5 want: 0.21.5
850 silly placeDep ROOT @esbuild/netbsd-x64@0.21.5 OK for: esbuild@0.21.5 want: 0.21.5
851 silly placeDep ROOT @esbuild/openbsd-x64@0.21.5 OK for: esbuild@0.21.5 want: 0.21.5
852 silly placeDep ROOT @esbuild/sunos-x64@0.21.5 OK for: esbuild@0.21.5 want: 0.21.5
853 silly placeDep ROOT @esbuild/win32-arm64@0.21.5 OK for: esbuild@0.21.5 want: 0.21.5
854 silly placeDep ROOT @esbuild/win32-ia32@0.21.5 OK for: esbuild@0.21.5 want: 0.21.5
855 silly placeDep ROOT @esbuild/win32-x64@0.21.5 OK for: esbuild@0.21.5 want: 0.21.5
856 timing idealTree:node_modules/esbuild Completed in 48ms
857 timing idealTree:node_modules/@esbuild/aix-ppc64 Completed in 0ms
858 timing idealTree:node_modules/@esbuild/android-arm Completed in 0ms
859 timing idealTree:node_modules/@esbuild/android-arm64 Completed in 0ms
860 timing idealTree:node_modules/@esbuild/android-x64 Completed in 0ms
861 timing idealTree:node_modules/@esbuild/darwin-arm64 Completed in 0ms
862 timing idealTree:node_modules/@esbuild/darwin-x64 Completed in 0ms
863 timing idealTree:node_modules/@esbuild/freebsd-arm64 Completed in 0ms
864 timing idealTree:node_modules/@esbuild/freebsd-x64 Completed in 0ms
865 timing idealTree:node_modules/@esbuild/linux-arm Completed in 0ms
866 timing idealTree:node_modules/@esbuild/linux-arm64 Completed in 0ms
867 timing idealTree:node_modules/@esbuild/linux-ia32 Completed in 0ms
868 timing idealTree:node_modules/@esbuild/linux-loong64 Completed in 0ms
869 timing idealTree:node_modules/@esbuild/linux-mips64el Completed in 0ms
870 timing idealTree:node_modules/@esbuild/linux-ppc64 Completed in 0ms
871 timing idealTree:node_modules/@esbuild/linux-riscv64 Completed in 0ms
872 timing idealTree:node_modules/@esbuild/linux-s390x Completed in 0ms
873 timing idealTree:node_modules/@esbuild/linux-x64 Completed in 1ms
874 timing idealTree:node_modules/@esbuild/netbsd-x64 Completed in 0ms
875 timing idealTree:node_modules/@esbuild/openbsd-x64 Completed in 0ms
876 timing idealTree:node_modules/@esbuild/sunos-x64 Completed in 0ms
877 timing idealTree:node_modules/@esbuild/win32-arm64 Completed in 0ms
878 timing idealTree:node_modules/@esbuild/win32-ia32 Completed in 0ms
879 timing idealTree:node_modules/@esbuild/win32-x64 Completed in 0ms
880 silly placeDep ROOT @rollup/rollup-android-arm-eabi@4.28.1 OK for: rollup@4.28.1 want: 4.28.1
881 silly placeDep ROOT @rollup/rollup-android-arm64@4.28.1 OK for: rollup@4.28.1 want: 4.28.1
882 silly placeDep ROOT @rollup/rollup-darwin-arm64@4.28.1 OK for: rollup@4.28.1 want: 4.28.1
883 silly placeDep ROOT @rollup/rollup-darwin-x64@4.28.1 OK for: rollup@4.28.1 want: 4.28.1
884 silly placeDep ROOT @rollup/rollup-freebsd-arm64@4.28.1 OK for: rollup@4.28.1 want: 4.28.1
885 silly placeDep ROOT @rollup/rollup-freebsd-x64@4.28.1 OK for: rollup@4.28.1 want: 4.28.1
886 silly placeDep ROOT @rollup/rollup-linux-arm-gnueabihf@4.28.1 OK for: rollup@4.28.1 want: 4.28.1
887 silly placeDep ROOT @rollup/rollup-linux-arm-musleabihf@4.28.1 OK for: rollup@4.28.1 want: 4.28.1
888 silly placeDep ROOT @rollup/rollup-linux-arm64-gnu@4.28.1 OK for: rollup@4.28.1 want: 4.28.1
889 silly placeDep ROOT @rollup/rollup-linux-arm64-musl@4.28.1 OK for: rollup@4.28.1 want: 4.28.1
890 silly placeDep ROOT @rollup/rollup-linux-loongarch64-gnu@4.28.1 OK for: rollup@4.28.1 want: 4.28.1
891 silly placeDep ROOT @rollup/rollup-linux-powerpc64le-gnu@4.28.1 OK for: rollup@4.28.1 want: 4.28.1
892 silly placeDep ROOT @rollup/rollup-linux-riscv64-gnu@4.28.1 OK for: rollup@4.28.1 want: 4.28.1
893 silly placeDep node_modules/rollup @rollup/rollup-linux-s390x-gnu@ OK for: rollup@4.28.1 want: 4.28.1
894 silly placeDep ROOT @rollup/rollup-linux-x64-gnu@4.28.1 OK for: rollup@4.28.1 want: 4.28.1
895 silly placeDep ROOT @rollup/rollup-linux-x64-musl@4.28.1 OK for: rollup@4.28.1 want: 4.28.1
896 silly placeDep ROOT @rollup/rollup-win32-arm64-msvc@4.28.1 OK for: rollup@4.28.1 want: 4.28.1
897 silly placeDep ROOT @rollup/rollup-win32-ia32-msvc@4.28.1 OK for: rollup@4.28.1 want: 4.28.1
898 silly placeDep ROOT @rollup/rollup-win32-x64-msvc@4.28.1 OK for: rollup@4.28.1 want: 4.28.1
899 silly placeDep ROOT @types/estree@1.0.6 OK for: rollup@4.28.1 want: 1.0.6
900 timing idealTree:node_modules/rollup Completed in 47ms
901 timing idealTree:node_modules/@rollup/rollup-android-arm-eabi Completed in 0ms
902 timing idealTree:node_modules/@rollup/rollup-android-arm64 Completed in 0ms
903 timing idealTree:node_modules/@rollup/rollup-darwin-arm64 Completed in 0ms
904 timing idealTree:node_modules/@rollup/rollup-darwin-x64 Completed in 0ms
905 timing idealTree:node_modules/@rollup/rollup-freebsd-arm64 Completed in 0ms
906 timing idealTree:node_modules/@rollup/rollup-freebsd-x64 Completed in 0ms
907 timing idealTree:node_modules/@rollup/rollup-linux-arm-gnueabihf Completed in 0ms
908 timing idealTree:node_modules/@rollup/rollup-linux-arm-musleabihf Completed in 0ms
909 timing idealTree:node_modules/@rollup/rollup-linux-arm64-gnu Completed in 0ms
910 timing idealTree:node_modules/@rollup/rollup-linux-arm64-musl Completed in 0ms
911 timing idealTree:node_modules/@rollup/rollup-linux-loongarch64-gnu Completed in 0ms
912 timing idealTree:node_modules/@rollup/rollup-linux-powerpc64le-gnu Completed in 0ms
913 timing idealTree:node_modules/@rollup/rollup-linux-riscv64-gnu Completed in 0ms
914 timing idealTree:node_modules/@rollup/rollup-linux-x64-gnu Completed in 0ms
915 timing idealTree:node_modules/@rollup/rollup-linux-x64-musl Completed in 0ms
916 timing idealTree:node_modules/@rollup/rollup-win32-arm64-msvc Completed in 0ms
917 timing idealTree:node_modules/@rollup/rollup-win32-ia32-msvc Completed in 0ms
918 timing idealTree:node_modules/@rollup/rollup-win32-x64-msvc Completed in 0ms
919 timing idealTree:node_modules/@types/estree Completed in 0ms
920 timing idealTree:node_modules/vite-plugin-full-reload Completed in 0ms
921 silly fetch manifest vue@3.5.13
922 silly placeDep ROOT @vue/compiler-dom@3.5.13 OK for: vue@3.5.13 want: 3.5.13
923 silly placeDep ROOT @vue/compiler-sfc@3.5.13 OK for: vue@3.5.13 want: 3.5.13
924 silly placeDep ROOT @vue/runtime-dom@3.5.13 OK for: vue@3.5.13 want: 3.5.13
925 silly placeDep ROOT @vue/server-renderer@3.5.13 OK for: vue@3.5.13 want: 3.5.13
926 silly placeDep ROOT @vue/shared@3.5.13 OK for: vue@3.5.13 want: 3.5.13
927 silly fetch manifest @vue/compiler-core@3.5.13
928 silly fetch manifest @babel/parser@^7.25.3
929 silly fetch manifest estree-walker@^2.0.2
930 silly fetch manifest magic-string@^0.30.11
931 silly fetch manifest @vue/compiler-ssr@3.5.13
932 silly fetch manifest csstype@^3.1.3
933 silly fetch manifest @vue/runtime-core@3.5.13
934 silly fetch manifest @vue/reactivity@3.5.13
935 http fetch GET 200 https://registry.npmjs.org/estree-walker 264ms (cache miss)
936 http fetch GET 200 https://registry.npmjs.org/magic-string 278ms (cache miss)
937 http fetch GET 200 https://registry.npmjs.org/csstype 281ms (cache miss)
938 http fetch GET 200 https://registry.npmjs.org/@babel%2fparser 360ms (cache miss)
939 http fetch GET 200 https://registry.npmjs.org/@vue%2fcompiler-ssr 442ms (cache miss)
940 http fetch GET 200 https://registry.npmjs.org/@vue%2fruntime-core 468ms (cache miss)
941 http fetch GET 200 https://registry.npmjs.org/@vue%2fcompiler-core 2102ms (cache miss)
942 http fetch GET 200 https://registry.npmjs.org/@vue%2freactivity 2094ms (cache miss)
943 timing idealTree:node_modules/vue Completed in 2130ms
944 silly placeDep ROOT @vue/compiler-core@3.5.13 OK for: @vue/compiler-dom@3.5.13 want: 3.5.13
945 silly fetch manifest entities@^4.5.0
946 http fetch GET 200 https://registry.npmjs.org/entities 140ms (cache miss)
947 timing idealTree:node_modules/@vue/compiler-dom Completed in 148ms
948 silly placeDep ROOT @babel/parser@7.26.3 OK for: @vue/compiler-core@3.5.13 want: ^7.25.3
949 silly placeDep ROOT entities@4.5.0 OK for: @vue/compiler-core@3.5.13 want: ^4.5.0
950 silly placeDep ROOT estree-walker@2.0.2 OK for: @vue/compiler-core@3.5.13 want: ^2.0.2
951 silly fetch manifest @babel/types@^7.26.3
952 http fetch GET 200 https://registry.npmjs.org/@babel%2ftypes 200ms (cache miss)
953 timing idealTree:node_modules/@vue/compiler-core Completed in 214ms
954 silly placeDep ROOT @babel/types@7.26.3 OK for: @babel/parser@7.26.3 want: ^7.26.3
955 silly fetch manifest @babel/helper-string-parser@^7.25.9
956 silly fetch manifest @babel/helper-validator-identifier@^7.25.9
957 http fetch GET 200 https://registry.npmjs.org/@babel%2fhelper-string-parser 231ms (cache miss)
958 http fetch GET 200 https://registry.npmjs.org/@babel%2fhelper-validator-identifier 243ms (cache miss)
959 timing idealTree:node_modules/@babel/parser Completed in 253ms
960 silly placeDep ROOT @babel/helper-string-parser@7.25.9 OK for: @babel/types@7.26.3 want: ^7.25.9
961 silly placeDep ROOT @babel/helper-validator-identifier@7.25.9 OK for: @babel/types@7.26.3 want: ^7.25.9
962 timing idealTree:node_modules/@babel/types Completed in 5ms
963 timing idealTree:node_modules/@babel/helper-string-parser Completed in 0ms
964 timing idealTree:node_modules/@babel/helper-validator-identifier Completed in 0ms
965 silly placeDep ROOT @vue/compiler-ssr@3.5.13 OK for: @vue/compiler-sfc@3.5.13 want: 3.5.13
966 silly placeDep ROOT magic-string@0.30.14 OK for: @vue/compiler-sfc@3.5.13 want: ^0.30.11
967 timing idealTree:node_modules/@vue/compiler-sfc Completed in 3ms
968 timing idealTree:node_modules/@vue/compiler-ssr Completed in 0ms
969 silly placeDep ROOT @vue/reactivity@3.5.13 OK for: @vue/runtime-dom@3.5.13 want: 3.5.13
970 silly placeDep ROOT @vue/runtime-core@3.5.13 OK for: @vue/runtime-dom@3.5.13 want: 3.5.13
971 silly placeDep ROOT csstype@3.1.3 OK for: @vue/runtime-dom@3.5.13 want: ^3.1.3
972 timing idealTree:node_modules/@vue/runtime-dom Completed in 5ms
973 timing idealTree:node_modules/@vue/reactivity Completed in 0ms
974 timing idealTree:node_modules/@vue/runtime-core Completed in 0ms
975 timing idealTree:node_modules/@vue/server-renderer Completed in 0ms
976 timing idealTree:node_modules/@vue/shared Completed in 0ms
977 timing idealTree:node_modules/csstype Completed in 0ms
978 timing idealTree:node_modules/entities Completed in 0ms
979 timing idealTree:node_modules/estree-walker Completed in 0ms
980 timing idealTree:node_modules/magic-string Completed in 0ms
981 silly placeDep ROOT isexe@2.0.0 OK for: which@2.0.2 want: ^2.0.0
982 timing idealTree:node_modules/which Completed in 2ms
983 timing idealTree:node_modules/isexe Completed in 0ms
984 silly placeDep node_modules/wrap-ansi ansi-styles@6.2.1 OK for: wrap-ansi@8.1.0 want: ^6.1.0
985 timing idealTree:node_modules/wrap-ansi Completed in 2ms
986 silly placeDep node_modules/wrap-ansi-cjs string-width@4.2.3 OK for: wrap-ansi@7.0.0 want: ^4.1.0
987 silly placeDep node_modules/wrap-ansi-cjs strip-ansi@6.0.1 OK for: wrap-ansi@7.0.0 want: ^6.0.0
988 timing idealTree:node_modules/wrap-ansi-cjs Completed in 6ms
989 timing idealTree:node_modules/yaml Completed in 0ms
990 silly placeDep ROOT cliui@8.0.1 OK for: yargs@17.7.2 want: ^8.0.1
991 silly placeDep ROOT get-caller-file@2.0.5 OK for: yargs@17.7.2 want: ^2.0.5
992 silly placeDep ROOT require-directory@2.1.1 OK for: yargs@17.7.2 want: ^2.1.1
993 silly placeDep node_modules/yargs string-width@4.2.3 OK for: yargs@17.7.2 want: ^4.2.3
994 silly placeDep ROOT y18n@5.0.8 OK for: yargs@17.7.2 want: ^5.0.5
995 silly placeDep ROOT yargs-parser@21.1.1 OK for: yargs@17.7.2 want: ^21.1.1
996 silly fetch manifest wrap-ansi@^7.0.0
997 silly fetch manifest string-width@^4.2.0
998 timing idealTree:node_modules/yargs Completed in 12ms
999 silly placeDep node_modules/cliui string-width@4.2.3 OK for: cliui@8.0.1 want: ^4.2.0
1000 silly placeDep node_modules/cliui strip-ansi@6.0.1 OK for: cliui@8.0.1 want: ^6.0.1
1001 silly placeDep node_modules/cliui wrap-ansi@7.0.0 OK for: cliui@8.0.1 want: ^7.0.0
1002 timing idealTree:node_modules/cliui Completed in 8ms
1003 timing idealTree:node_modules/get-caller-file Completed in 0ms
1004 timing idealTree:node_modules/require-directory Completed in 0ms
1005 timing idealTree:node_modules/y18n Completed in 0ms
1006 timing idealTree:node_modules/yargs-parser Completed in 0ms
1007 timing idealTree:node_modules/call-bind-apply-helpers/node_modules/function-bind Completed in 0ms
1008 timing idealTree:node_modules/chalk/node_modules/supports-color Completed in 0ms
1009 timing idealTree:node_modules/chokidar/node_modules/glob-parent Completed in 0ms
1010 silly placeDep node_modules/cliui emoji-regex@8.0.0 OK for: string-width@4.2.3 want: ^8.0.0
1011 timing idealTree:node_modules/cliui/node_modules/string-width Completed in 2ms
1012 timing idealTree:node_modules/cliui/node_modules/emoji-regex Completed in 0ms
1013 silly placeDep node_modules/cliui ansi-regex@5.0.1 OK for: strip-ansi@6.0.1 want: ^5.0.1
1014 timing idealTree:node_modules/cliui/node_modules/strip-ansi Completed in 2ms
1015 timing idealTree:node_modules/cliui/node_modules/ansi-regex Completed in 0ms
1016 timing idealTree:node_modules/cliui/node_modules/wrap-ansi Completed in 0ms
1017 timing idealTree:node_modules/fast-glob/node_modules/glob-parent Completed in 0ms
1018 timing idealTree:node_modules/get-intrinsic/node_modules/function-bind Completed in 0ms
1019 timing idealTree:node_modules/glob/node_modules/package-json-from-dist Completed in 0ms
1020 timing idealTree:node_modules/hasown/node_modules/function-bind Completed in 0ms
1021 timing idealTree:node_modules/rollup/node_modules/@rollup/rollup-linux-s390x-gnu Completed in 0ms
1022 timing idealTree:node_modules/set-function-length/node_modules/function-bind Completed in 0ms
1023 timing idealTree:node_modules/string-width-cjs/node_modules/emoji-regex Completed in 0ms
1024 silly placeDep node_modules/string-width-cjs ansi-regex@5.0.1 OK for: strip-ansi@6.0.1 want: ^5.0.1
1025 timing idealTree:node_modules/string-width-cjs/node_modules/strip-ansi Completed in 2ms
1026 timing idealTree:node_modules/string-width-cjs/node_modules/ansi-regex Completed in 0ms
1027 timing idealTree:node_modules/strip-ansi-cjs/node_modules/ansi-regex Completed in 0ms
1028 timing idealTree:node_modules/tailwindcss/node_modules/normalize-path Completed in 0ms
1029 silly placeDep node_modules/wrap-ansi-cjs emoji-regex@8.0.0 OK for: string-width@4.2.3 want: ^8.0.0
1030 timing idealTree:node_modules/wrap-ansi-cjs/node_modules/string-width Completed in 2ms
1031 timing idealTree:node_modules/wrap-ansi-cjs/node_modules/emoji-regex Completed in 0ms
1032 silly placeDep node_modules/wrap-ansi-cjs ansi-regex@5.0.1 OK for: strip-ansi@6.0.1 want: ^5.0.1
1033 timing idealTree:node_modules/wrap-ansi-cjs/node_modules/strip-ansi Completed in 2ms
1034 timing idealTree:node_modules/wrap-ansi-cjs/node_modules/ansi-regex Completed in 0ms
1035 timing idealTree:node_modules/wrap-ansi/node_modules/ansi-styles Completed in 0ms
1036 silly placeDep node_modules/yargs emoji-regex@8.0.0 OK for: string-width@4.2.3 want: ^8.0.0
1037 silly placeDep node_modules/yargs strip-ansi@6.0.1 OK for: string-width@4.2.3 want: ^6.0.1
1038 timing idealTree:node_modules/yargs/node_modules/string-width Completed in 5ms
1039 timing idealTree:node_modules/yargs/node_modules/emoji-regex Completed in 0ms
1040 silly placeDep node_modules/yargs ansi-regex@5.0.1 OK for: strip-ansi@6.0.1 want: ^5.0.1
1041 timing idealTree:node_modules/yargs/node_modules/strip-ansi Completed in 2ms
1042 timing idealTree:node_modules/yargs/node_modules/ansi-regex Completed in 0ms
1043 timing idealTree:buildDeps Completed in 34012ms
1044 timing idealTree:fixDepFlags Completed in 3ms
1045 timing idealTree Completed in 34058ms
1046 timing command:install Completed in 34073ms
1047 verbose type system
1048 verbose stack FetchError: Invalid response body while trying to fetch https://registry.npmjs.org/function-bind: ENOENT: no such file or directory, rename '/var/www/.npm/_cacache/tmp/bbac690f' -> '/var/www/.npm/_cacache/content-v2/sha512/20/0d/55f3ac144804954531f14345f13543bc94735cc4fa64b3c59a6625e2345f1b403ac63e958c85b7a6313aab7949df662a052df0ebf6ccf1b70523bd825c11'
1048 verbose stack     at /usr/share/nodejs/minipass-fetch/lib/body.js:170:15
1048 verbose stack     at async Response.json (/usr/share/nodejs/minipass-fetch/lib/body.js:75:17)
1048 verbose stack     at async RegistryFetcher.packument (/usr/share/nodejs/pacote/lib/registry.js:92:25)
1048 verbose stack     at async RegistryFetcher.manifest (/usr/share/nodejs/pacote/lib/registry.js:116:23)
1048 verbose stack     at async Promise.all (index 6)
1048 verbose stack     at async [buildDepStep] (/usr/share/nodejs/@npmcli/arborist/lib/arborist/build-ideal-tree.js:1043:5)
1048 verbose stack     at async Arborist.buildIdealTree (/usr/share/nodejs/@npmcli/arborist/lib/arborist/build-ideal-tree.js:206:7)
1048 verbose stack     at async Promise.all (index 1)
1048 verbose stack     at async Arborist.reify (/usr/share/nodejs/@npmcli/arborist/lib/arborist/reify.js:156:5)
1048 verbose stack     at async Install.exec (/usr/share/nodejs/npm/lib/commands/install.js:146:5)
1049 verbose cwd /var/www
1050 verbose Linux 6.10.14-linuxkit
1051 verbose node v18.19.0
1052 verbose npm  v9.2.0
1053 error code ENOENT
1054 error syscall rename
1055 error path /var/www/.npm/_cacache/tmp/bbac690f
1056 error dest /var/www/.npm/_cacache/content-v2/sha512/20/0d/55f3ac144804954531f14345f13543bc94735cc4fa64b3c59a6625e2345f1b403ac63e958c85b7a6313aab7949df662a052df0ebf6ccf1b70523bd825c11
1057 error errno ENOENT
1058 error enoent Invalid response body while trying to fetch https://registry.npmjs.org/function-bind: ENOENT: no such file or directory, rename '/var/www/.npm/_cacache/tmp/bbac690f' -> '/var/www/.npm/_cacache/content-v2/sha512/20/0d/55f3ac144804954531f14345f13543bc94735cc4fa64b3c59a6625e2345f1b403ac63e958c85b7a6313aab7949df662a052df0ebf6ccf1b70523bd825c11'
1059 error enoent This is related to npm not being able to find a file.
1059 error enoent
1060 verbose exit 1
1061 timing npm Completed in 34210ms
1062 verbose unfinished npm timer reify 1733532594539
1063 verbose unfinished npm timer reify:loadTrees 1733532594546
1064 verbose code 1
1065 error A complete log of this run can be found in:
1065 error     /var/www/.npm/_logs/2024-12-07T00_49_54_436Z-debug-0.log
